---------------------------------------------------------------
固件版本号6.x 8.x已经被旧标准占用不能使用
型号版本号0.x 1.x 2.x已经被旧标准占用不能使用

新标准固件版本号(偶数为测试版本，奇数为稳定版本)
SCS系列:0.x
SMS系列:1.x
SMSBL系列:2.x
SCS20系列:3.x

新标准型号版本号
SCS系列:5.x
SMS系列:6.x
SMSBL系列:8.x
SCS20系列:9.x
----------------------------------------------------------------

主固件号,次固件号开始,次固件号结束,0/1,反馈开始地址,反馈结束地址,控制开始地址,左曲线显示比例(4096/n),速度曲线显示比例(n/10)
[调试]
1,0,255,1,56,68,40,4,2
2,0,255,1,56,68,40,4,2
6,0,255,0,56,70,40,1,2
8,0,255,0,56,70,40,1,2
2,0,19,0,56,72,40,1,100
2,20,39,0,56,72,40,1,100
2,40,59,0,56,72,40,1,100
0,0,19,1,56,72,40,4,5
0,240,244,1,86,102,70,4,2
3,0,19,0,56,72,40,1,2
1,0,19,0,56,72,40,1,2
1,20,39,0,56,72,40,1,2
3,20,39,1,56,72,40,4,5
[调试结束]

----------------------------------------------------------------

主型号,次型号开始,次型号结束,0/1
[型号]
1,0,255,1,SCSXX
1,0,255,0,SMXX
2,0,255,0,SMXXBL
5,0,0,1,SCSXX
5,4,4,1,SCS009
5,8,8,1,SCS2332
5,12,12,1,SCS45
5,15,15,1,SCS15
5,16,16,1,SCS315
5,25,25,1,SCS115
5,35,35,1,SCS215
5,40,40,1,SCS40
5,60,60,1,SCS6560
5,240,244,1,SCDZZ
6,0,0,0,SMXX-360M
6,3,3,0,SM30-360M
6,8,8,0,SM60-360M
6,12,12,0,SM80-360M
6,16,16,0,SM100-360M
6,20,20,0,SM150-360M
6,24,24,0,SM85CL-360M
6,26,26,0,SM60CL-360M
8,0,19,0,SM30BL
8,25,25,0,SM29BL(LJ)
8,29,29,0,SM29BL(FT)
8,30,30,0,SM30BL(FT)
8,20,24,0,SM30BL(LJ)
8,40,40,0,SM40BLHV
8,42,42,0,SM45BLHV
8,120,120,0,SM120BLHV
8,220,220,0,SM200BLHV
9,0,0,0,SC20XX-360
9,2,2,0,STS3032
9,3,3,0,STS3215
9,4,4,0,STS3040
9,5,5,0,STS20
9,6,6,0,STS46CL
9,0,20,1,SCSXX-2
9,15,15,1,SCS15-2
9,35,35,1,SCS215-2
9,40,40,1,SCS40-2
10,0,0,0,SCServoHUB1
[型号结束]

-----------------------------------------------------------------
主固件号,次固件号开始,次固件号结束,0/1
地址,内存名,字节数,初值,方向位,EPROM/SRAM,只读/读写,最小值,最大值


SMXXBLHV
[内存]
2,40,59,0
0,固件主版本号,1, ,-1,EPROM,只读,-1,-1
1,固件次版本号,1, ,-1,EPROM,只读,-1,-1
3,舵机主版本号,1, ,-1,EPROM,只读,-1,-1
4,舵机次版本号,1, ,-1,EPROM,读写,-1,-1
5,ID,1,0,-1,EPROM,读写,0,253
6,波特率,1,4,-1,EPROM,读写,0,7
7,返回延时,1,250,-1,EPROM,读写,0,254
8,应答状态级别,1,1,-1,EPROM,读写,0,1
9,最小角度限制,2,0,15,EPROM,读写,-1,4095
11,最大角度限制,2,0,15,EPROM,读写,0,-1
13,最高温度上限,1,80,-1,EPROM,读写,0,100
14,最高输入电压,1,140,-1,EPROM,读写,0,254
15,最低输入电压,1,80,-1,EPROM,读写,0,254
16,最大扭矩,2,1000,-1,EPROM,读写,0,1000
18,相位,1,0,-1,EPROM,读写,0,254
19,卸载条件,1,37,-1,EPROM,读写,0,254
20,LED报警条件,1,37,-1,EPROM,读写,0,254
21,位置环P 比例系数,1,32,-1,EPROM,读写,0,254
22,位置环D 微分系数,1,0,-1,EPROM,读写,0,254
23,位置环I 积分系数,1,0,-1,EPROM,读写,0,254
24,最小启动力,2,0,-1,EPROM,读写,0,1000
26,顺时针不灵敏区,1,0,-1,EPROM,读写,0,32
27,逆时针不灵敏区,1,0,-1,EPROM,读写,0,32
28,保护电流,2,0,-1,EPROM,读写,0,511
30,角度分辨率,1,1,-1,EPROM,读写,1,100
31,位置校正,2,0,11,EPROM,读写,-2047,2047
33,运行模式,1,0,-1,EPROM,读写,0,2
34,保护扭矩,1,40,-1,EPROM,读写,0,254
35,保护时间,1,80,-1,EPROM,读写,0,254
36,过载扭矩,1,80,-1,EPROM,读写,0,254
37,KFF1st 系数,1,0,-1,EPROM,读写,0,254
38,过流保护时间,1,100,-1,EPROM,读写,0,254
40,扭矩开关,1,0,-1,SRAM,读写,0,254
41,加速度,1,0,-1,SRAM,读写,0,254
42,目标位置,2,0,15,SRAM,读写,-32766,32766
46,运行速度,2,0,15,SRAM,读写,-1000,1000
48,转矩限制,2,1000,-1,SRAM,读写,0,1000
55,锁标志,1,1,-1,SRAM,读写,0,1
56,当前位置,2,0,15,SRAM,只读,-1,-1
58,当前速度,2,0,15,SRAM,只读,-1,-1
60,当前负载,2,0,10,SRAM,只读,-1,-1
62,当前电压,1,0,-1,SRAM,只读,-1,-1
63,当前温度,1,0,-1,SRAM,只读,-1,-1
64,异步写标志,1,0,-1,SRAM,只读,-1,-1
65,舵机状态,1,0,-1,SRAM,只读,-1,-1
66,移动标志,1,0,-1,SRAM,只读,-1,-1
67,生成目标,2,0,15,SRAM,只读,-1,-1
69,当前电流,2,0,15,SRAM,只读,-1,-1
71,生成速度,2,0,15,SRAM,只读,-1,-1
NULL,NULL,NULL,NULL,NULL,NULL,NULL
[内存结束]


SMXXBL
[内存]
2,0,19,0
0,固件主版本号,1, ,-1,EPROM,只读,-1,-1
1,固件次版本号,1, ,-1,EPROM,只读,-1,-1
3,舵机主版本号,1, ,-1,EPROM,只读,-1,-1
4,舵机次版本号,1, ,-1,EPROM,只读,-1,-1
5,ID,1,0,-1,EPROM,读写,0,253
6,波特率,1,4,-1,EPROM,读写,0,7
7,返回延时,1,250,-1,EPROM,读写,0,254
8,应答状态级别,1,1,-1,EPROM,读写,0,1
9,最小角度限制,2,0,15,EPROM,读写,-1,4095
11,最大角度限制,2,0,15,EPROM,读写,0,-1
13,最高温度上限,1,80,-1,EPROM,读写,0,100
14,最高输入电压,1,140,-1,EPROM,读写,0,254
15,最低输入电压,1,80,-1,EPROM,读写,0,254
16,最大扭矩,2,1000,-1,EPROM,读写,0,1000
19,卸载条件,1,37,-1,EPROM,读写,0,254
20,LED报警条件,1,37,-1,EPROM,读写,0,254
21,P 比例系数,1,32,-1,EPROM,读写,0,254
22,D 微分系数,1,0,-1,EPROM,读写,0,254
23,I 积分系数,1,0,-1,EPROM,读写,0,254
24,最小启动力,2,0,-1,EPROM,读写,0,1000
26,顺时针不灵敏区,1,0,-1,EPROM,读写,0,32
27,逆时针不灵敏区,1,0,-1,EPROM,读写,0,32
28,保护电流,2,0,-1,EPROM,读写,0,1023
30,角度分辨率,1,1,-1,EPROM,读写,1,100
31,位置校正,2,0,15,EPROM,读写,-32766,32766
33,运行模式,1,0,-1,EPROM,读写,0,2
34,保护扭力,1,40,-1,EPROM,读写,0,254
35,保护时间,1,80,-1,EPROM,读写,0,254
36,过载扭力,1,80,-1,EPROM,读写,0,254
37,KFF1st 系数,1,0,-1,EPROM,读写,0,254
40,扭矩开关,1,0,-1,SRAM,读写,0,2
41,加速度,1,0,-1,SRAM,读写,0,254
42,目标位置,2,0,15,SRAM,读写,-32766,32766
46,运行速度,2,0,15,SRAM,读写,-1000,1000
48,转矩限制,2,1000,-1,SRAM,读写,0,1000
55,锁标志,1,1,-1,SRAM,读写,0,1
56,当前位置,2,0,15,SRAM,只读,-1,-1
58,当前速度,2,0,15,SRAM,只读,-1,-1
60,当前负载,2,0,10,SRAM,只读,-1,-1
62,当前电压,1,0,-1,SRAM,只读,-1,-1
63,当前温度,1,0,-1,SRAM,只读,-1,-1
65,舵机状态,1,0,-1,SRAM,只读,-1,-1
66,移动标志,1,0,-1,SRAM,只读,-1,-1
69,当前电流,2,0,15,SRAM,只读,-1,-1
NULL,NULL,NULL,NULL,NULL,NULL,NULL
[内存结束]



SMXXBL(LJ)
[内存]
2,20,39,0
0,固件主版本号,1, ,-1,EPROM,只读,-1,-1
1,固件次版本号,1, ,-1,EPROM,只读,-1,-1
3,舵机主版本号,1, ,-1,EPROM,只读,-1,-1
4,舵机次版本号,1, ,-1,EPROM,读写,-1,-1
5,ID,1,0,-1,EPROM,读写,0,253
6,波特率,1,4,-1,EPROM,读写,0,7
7,返回延时,1,250,-1,EPROM,读写,0,254
8,应答状态级别,1,1,-1,EPROM,读写,0,1
9,最小角度限制,2,0,15,EPROM,读写,-1,4095
11,最大角度限制,2,0,15,EPROM,读写,0,-1
13,最高温度上限,1,80,-1,EPROM,读写,0,100
14,最高输入电压,1,140,-1,EPROM,读写,0,254
15,最低输入电压,1,80,-1,EPROM,读写,0,254
16,最大扭矩,2,1000,-1,EPROM,读写,0,1000
18,相位,1,0,-1,EPROM,读写,0,254
19,卸载条件,1,37,-1,EPROM,读写,0,254
20,LED报警条件,1,37,-1,EPROM,读写,0,254
21,P 比例系数,1,32,-1,EPROM,读写,0,254
22,D 微分系数,1,0,-1,EPROM,读写,0,254
23,I 积分系数,1,0,-1,EPROM,读写,0,254
24,最小启动力,2,0,-1,EPROM,读写,0,1000
26,顺时针不灵敏区,1,0,-1,EPROM,读写,0,32
27,逆时针不灵敏区,1,0,-1,EPROM,读写,0,32
28,保护电流,2,0,-1,EPROM,读写,0,511
30,角度分辨率,1,1,-1,EPROM,读写,1,100
31,运行模式,1,0,-1,EPROM,读写,0,2
32,KFF1st 系数,1,0,-1,EPROM,读写,0,254
33,位置校正,2,0,11,EPROM,读写,-2047,2047
35,保护扭矩,1,40,-1,EPROM,读写,0,254
36,保护时间,1,80,-1,EPROM,读写,0,254
37,过载扭矩,1,80,-1,EPROM,读写,0,254
38,过流保护时间,1,100,-1,EPROM,读写,0,254
40,扭矩开关,1,0,-1,SRAM,读写,0,254
42,目标位置,2,0,15,SRAM,读写,-32766,32766
48,锁标志,1,1,-1,SRAM,读写,0,1
56,当前位置,2,0,15,SRAM,只读,-1,-1
58,当前速度,2,0,15,SRAM,只读,-1,-1
60,当前负载,2,0,10,SRAM,只读,-1,-1
62,当前电压,1,0,-1,SRAM,只读,-1,-1
63,当前温度,1,0,-1,SRAM,只读,-1,-1
64,异步写标志,1,0,-1,SRAM,只读,-1,-1
65,舵机状态,1,0,-1,SRAM,只读,-1,-1
66,移动标志,1,0,-1,SRAM,只读,-1,-1
67,生成目标,2,0,15,SRAM,只读,-1,-1
69,当前电流,2,0,15,SRAM,只读,-1,-1
71,生成速度,2,0,15,SRAM,只读,-1,-1
77,加速度,1,0,-1,EPROM,读写,0,254
78,运行速度,2,0,15,EPROM,读写,-1000,1000
NULL,NULL,NULL,NULL,NULL,NULL,NULL
[内存结束]


SCSXX(新固件)
[内存]
0,0,19,1
0,固件主版本号,1, ,-1,EPROM,只读,-1,-1
1,固件次版本号,1, ,-1,EPROM,只读,-1,-1
3,舵机主版本号,1, ,-1,EPROM,只读,-1,-1
4,舵机次版本号,1, ,-1,EPROM,读写,-1,-1
5,ID,1,0,-1,EPROM,读写,0,253
6,波特率,1,4,-1,EPROM,读写,0,10
7,返回延时,1,250,-1,EPROM,读写,0,254
8,应答状态级别,1,1,-1,EPROM,读写,0,1
9,最小角度限制,2,0,15,EPROM,读写,-1,4095
11,最大角度限制,2,0,15,EPROM,读写,0,-1
13,最高温度上限,1,80,-1,EPROM,读写,0,100
14,最高输入电压,1,140,-1,EPROM,读写,0,254
15,最低输入电压,1,80,-1,EPROM,读写,0,254
16,最大扭矩,2,1000,-1,EPROM,读写,0,1000
18,相位,1,0,-1,EPROM,读写,0,254
19,卸载条件,1,37,-1,EPROM,读写,0,254
20,LED报警条件,1,37,-1,EPROM,读写,0,254
21,P 比例系数,1,32,-1,EPROM,读写,0,254
22,D 微分系数,1,0,-1,EPROM,读写,0,254
23,I 积分系数,1,0,-1,EPROM,读写,0,254
24,最小启动力,2,0,-1,EPROM,读写,0,1000
26,顺时针不灵敏区,1,2,-1,EPROM,读写,0,32
27,逆时针不灵敏区,1,2,-1,EPROM,读写,0,32
28,滞环,1,1,-1,EPROM,读写,0,32
37,保护扭矩,1,40,-1,EPROM,读写,0,254
38,保护时间,1,80,-1,EPROM,读写,0,254
39,过载扭矩,1,80,-1,EPROM,读写,0,254
40,扭矩开关,1,0,-1,SRAM,读写,0,2
42,目标位置,2,0,-1,SRAM,读写,0,1023
44,运行时间,2,0,15,SRAM,读写,-32766,32766
46,运行速度,2,0,-1,SRAM,读写,0,32766
48,锁标志,1,1,-1,SRAM,读写,0,1
56,当前位置,2,0,15,SRAM,只读,-1,-1
58,当前速度,2,0,15,SRAM,只读,-1,-1
60,当前负载,2,0,10,SRAM,只读,-1,-1
62,当前电压,1,0,-1,SRAM,只读,-1,-1
63,当前温度,1,0,-1,SRAM,只读,-1,-1
64,异步写标志,1,0,-1,SRAM,只读,-1,-1
65,舵机状态,1,0,-1,SRAM,只读,-1,-1
66,移动标志,1,0,-1,SRAM,只读,-1,-1
NULL,NULL,NULL,NULL,NULL,NULL,NULL
[内存结束]


SCSXX(DZZ定制版)
[内存]
0,240,244,1
30,固件主版本号,1, ,-1,EPROM,只读,-1,-1
31,固件次版本号,1, ,-1,EPROM,只读,-1,-1
33,舵机主版本号,1, ,-1,EPROM,只读,-1,-1
34,舵机次版本号,1, ,-1,EPROM,读写,-1,-1
35,ID,1,0,-1,EPROM,读写,0,253
36,波特率,1,4,-1,EPROM,读写,0,7
37,返回延时,1,250,-1,EPROM,读写,0,254
38,应答状态级别,1,1,-1,EPROM,读写,0,1
39,最小角度限制,2,0,15,EPROM,读写,-1,4095
41,最大角度限制,2,0,15,EPROM,读写,0,-1
43,最高温度上限,1,80,-1,EPROM,读写,0,100
44,最高输入电压,1,140,-1,EPROM,读写,0,254
45,最低输入电压,1,80,-1,EPROM,读写,0,254
46,最大扭矩,2,1000,-1,EPROM,读写,0,1000
48,相位,1,0,-1,EPROM,读写,0,254
49,卸载条件,1,37,-1,EPROM,读写,0,254
50,LED报警条件,1,37,-1,EPROM,读写,0,254
51,P 比例系数,1,32,-1,EPROM,读写,0,254
52,D 微分系数,1,0,-1,EPROM,读写,0,254
53,I 积分系数,1,0,-1,EPROM,读写,0,254
54,最小启动力,2,0,-1,EPROM,读写,0,1000
56,顺时针不灵敏区,1,2,-1,EPROM,读写,0,32
57,逆时针不灵敏区,1,2,-1,EPROM,读写,0,32
58,滞环,1,1,-1,EPROM,读写,0,32
67,保护扭矩,1,40,-1,EPROM,读写,0,254
68,保护时间,1,80,-1,EPROM,读写,0,254
69,过载扭矩,1,80,-1,EPROM,读写,0,254
70,扭矩开关,1,0,-1,SRAM,读写,0,2
72,目标位置,2,0,-1,SRAM,读写,0,1023
74,运行时间,2,0,15,SRAM,读写,-32766,32766
76,运行速度,2,0,-1,SRAM,读写,0,32766
78,锁标志,1,1,-1,SRAM,读写,0,1
86,当前位置,2,0,15,SRAM,只读,-1,-1
88,当前速度,2,0,15,SRAM,只读,-1,-1
90,当前负载,2,0,10,SRAM,只读,-1,-1
92,当前电压,1,0,-1,SRAM,只读,-1,-1
93,当前温度,1,0,-1,SRAM,只读,-1,-1
94,异步写标志,1,0,-1,SRAM,只读,-1,-1
95,舵机状态,1,0,-1,SRAM,只读,-1,-1
96,移动标志,1,0,-1,SRAM,只读,-1,-1
97,生成目标,2,0,-1,SRAM,只读,-1,-1
101,生成速度,2,0,-1,SRAM,只读,-1,-1
110,D控制时间,1,5,-1,EPROM,读写,0,254
111,最小速度限制*12.5,1,20,-1,EPROM,读写,0,254
112,最大速度限制*20*12.5,1,20,-1,EPROM,读写,0,254
113,扭矩步进(电机模式),1,10,-1,EPROM,读写,0,254
NULL,NULL,NULL,NULL,NULL,NULL,NULL
[内存结束]


SMXX(新固件)
[内存]
1,0,19,0
0,固件主版本号,1, ,-1,EPROM,只读,-1,-1
1,固件次版本号,1, ,-1,EPROM,只读,-1,-1
3,舵机主版本号,1, ,-1,EPROM,只读,-1,-1
4,舵机次版本号,1, ,-1,EPROM,读写,-1,-1
5,ID,1,0,-1,EPROM,读写,0,253
6,波特率,1,4,-1,EPROM,读写,0,254
7,返回延时,1,250,-1,EPROM,读写,0,254
8,应答状态级别,1,1,-1,EPROM,读写,0,1
9,最小角度限制,2,0,15,EPROM,读写,0,-1
11,最大角度限制,2,0,15,EPROM,读写,0,-1
13,最高温度上限,1,80,-1,EPROM,读写,0,100
14,最高输入电压,1,140,-1,EPROM,读写,0,254
15,最低输入电压,1,80,-1,EPROM,读写,0,254
16,最大扭矩,2,1000,-1,EPROM,读写,0,1000
18,相位,1,0,-1,EPROM,读写,0,254
19,卸载条件,1,37,-1,EPROM,读写,0,254
20,LED报警条件,1,37,-1,EPROM,读写,0,254
21,P 比例系数,1,32,-1,EPROM,读写,0,254
22,D 微分系数,1,0,-1,EPROM,读写,0,254
23,I 积分系数,1,0,-1,EPROM,读写,0,254
24,最小启动力,2,0,-1,EPROM,读写,0,1000
26,顺时针不灵敏区,1,0,-1,EPROM,读写,0,32
27,逆时针不灵敏区,1,0,-1,EPROM,读写,0,32
28,保护电流,2,0,-1,EPROM,读写,0,1000
33,位置校正,2,0,11,EPROM,读写,-2047,2047
35,运行模式,1,0,-1,EPROM,读写,0,2
36,过流保护时间,1,100,-1,EPROM,读写,0,254
37,保护扭矩,1,40,-1,EPROM,读写,0,254
38,保护时间,1,80,-1,EPROM,读写,0,254
39,过载扭矩,1,80,-1,EPROM,读写,0,254
40,扭矩开关,1,0,-1,SRAM,读写,0,254
41,加速度,1,0,-1,SRAM,读写,0,254
42,目标位置,2,0,-1,SRAM,读写,-32766,32766
44,运行时间,2,0,15,SRAM,读写,-32766,32766
46,运行速度,2,0,-1,SRAM,读写,0,32766
48,锁标志,1,1,-1,SRAM,读写,0,1
56,当前位置,2,0,15,SRAM,只读,-1,-1
58,当前速度,2,0,15,SRAM,只读,-1,-1
60,当前负载,2,0,10,SRAM,只读,-1,-1
62,当前电压,1,0,-1,SRAM,只读,-1,-1
63,当前温度,1,0,-1,SRAM,只读,-1,-1
64,异步写标志,1,0,-1,SRAM,只读,-1,-1
65,舵机状态,1,0,-1,SRAM,只读,-1,-1
66,移动标志,1,0,-1,SRAM,只读,-1,-1
69,当前电流,2,0,15,SRAM,只读,-1,-1
NULL,NULL,NULL,NULL,NULL,NULL,NULL
[内存结束]

SMXXHV(新固件)
[内存]
1,20,39,0
0,固件主版本号,1, ,-1,EPROM,只读,-1,-1
1,固件次版本号,1, ,-1,EPROM,只读,-1,-1
3,舵机主版本号,1, ,-1,EPROM,只读,-1,-1
4,舵机次版本号,1, ,-1,EPROM,读写,-1,-1
5,ID,1,0,-1,EPROM,读写,0,253
6,波特率,1,4,-1,EPROM,读写,0,254
7,返回延时,1,250,-1,EPROM,读写,0,254
8,应答状态级别,1,1,-1,EPROM,读写,0,1
9,最小角度限制,2,0,15,EPROM,读写,0,-1
11,最大角度限制,2,0,15,EPROM,读写,0,-1
13,最高温度上限,1,80,-1,EPROM,读写,0,100
14,最高输入电压,1,140,-1,EPROM,读写,0,254
15,最低输入电压,1,80,-1,EPROM,读写,0,254
16,最大扭矩,2,1000,-1,EPROM,读写,0,1000
18,相位,1,0,-1,EPROM,读写,0,254
19,卸载条件,1,37,-1,EPROM,读写,0,254
20,LED报警条件,1,37,-1,EPROM,读写,0,254
21,P 比例系数,1,32,-1,EPROM,读写,0,254
22,D 微分系数,1,0,-1,EPROM,读写,0,254
23,I 积分系数,1,0,-1,EPROM,读写,0,254
24,最小启动力,2,0,-1,EPROM,读写,0,1000
26,顺时针不灵敏区,1,0,-1,EPROM,读写,0,32
27,逆时针不灵敏区,1,0,-1,EPROM,读写,0,32
28,保护电流,2,0,-1,EPROM,读写,0,1000
33,位置校正,2,0,11,EPROM,读写,-2047,2047
35,运行模式,1,0,-1,EPROM,读写,0,2
36,过流保护时间,1,100,-1,EPROM,读写,0,254
37,保护扭矩,1,40,-1,EPROM,读写,0,254
38,保护时间,1,80,-1,EPROM,读写,0,254
39,过载扭矩,1,80,-1,EPROM,读写,0,254
40,扭矩开关,1,0,-1,SRAM,读写,0,254
41,加速度,1,0,-1,SRAM,读写,0,254
42,目标位置,2,0,-1,SRAM,读写,-32766,32766
44,运行时间,2,0,15,SRAM,读写,-32766,32766
46,运行速度,2,0,-1,SRAM,读写,0,32766
48,锁标志,1,1,-1,SRAM,读写,0,1
56,当前位置,2,0,15,SRAM,只读,-1,-1
58,当前速度,2,0,15,SRAM,只读,-1,-1
60,当前负载,2,0,10,SRAM,只读,-1,-1
62,当前电压,1,0,-1,SRAM,只读,-1,-1
63,当前温度,1,0,-1,SRAM,只读,-1,-1
64,异步写标志,1,0,-1,SRAM,只读,-1,-1
65,舵机状态,1,0,-1,SRAM,只读,-1,-1
66,移动标志,1,0,-1,SRAM,只读,-1,-1
69,当前电流,2,0,15,SRAM,只读,-1,-1
NULL,NULL,NULL,NULL,NULL,NULL,NULL
[内存结束]


SC20XX-360
[内存]
3,0,19,0
0,固件主版本号,1, ,-1,EPROM,只读,-1,-1
1,固件次版本号,1, ,-1,EPROM,只读,-1,-1
3,舵机主版本号,1, ,-1,EPROM,只读,-1,-1
4,舵机次版本号,1, ,-1,EPROM,读写,-1,-1
5,ID,1,0,-1,EPROM,读写,0,253
6,波特率,1,4,-1,EPROM,读写,0,7
7,返回延时,1,250,-1,EPROM,读写,0,254
8,应答状态级别,1,1,-1,EPROM,读写,0,1
9,最小角度限制,2,0,15,EPROM,读写,-1,4095
11,最大角度限制,2,0,15,EPROM,读写,0,-1
13,最高温度上限,1,80,-1,EPROM,读写,0,100
14,最高输入电压,1,140,-1,EPROM,读写,0,254
15,最低输入电压,1,80,-1,EPROM,读写,0,254
16,最大扭矩,2,1000,-1,EPROM,读写,0,1000
18,相位,1,0,-1,EPROM,读写,0,254
19,卸载条件,1,37,-1,EPROM,读写,0,254
20,LED报警条件,1,37,-1,EPROM,读写,0,254
21,P 比例系数,1,32,-1,EPROM,读写,0,254
22,D 微分系数,1,0,-1,EPROM,读写,0,254
23,I 积分系数,1,0,-1,EPROM,读写,0,254
24,最小启动力,2,0,-1,EPROM,读写,0,1000
26,顺时针不灵敏区,1,0,-1,EPROM,读写,0,32
27,逆时针不灵敏区,1,0,-1,EPROM,读写,0,32
28,保护电流,2,0,-1,EPROM,读写,0,511
30,角度分辨率,1,1,-1,EPROM,读写,1,100
31,位置校正,2,0,15,EPROM,读写,-32766,32766
33,运行模式,1,0,-1,EPROM,读写,0,3
34,保护扭矩,1,40,-1,EPROM,读写,0,254
35,保护时间,1,80,-1,EPROM,读写,0,254
36,过载扭矩,1,80,-1,EPROM,读写,0,254
37,速度闭环P 比例系数,1,32,-1,EPROM,读写,0,254
38,过流保护时间,1,100,-1,EPROM,读写,0,254
39,速度闭环I 积分系数,1,0,-1,EPROM,读写,0,254
40,扭矩开关,1,0,-1,SRAM,读写,0,254
41,加速度,1,0,-1,SRAM,读写,0,254
42,目标位置,2,0,15,SRAM,读写,-32766,32766
46,运行速度,2,0,15,SRAM,读写,-1000,1000
48,转矩限制,2,1000,-1,SRAM,读写,0,1000
55,锁标志,1,1,-1,SRAM,读写,0,1
56,当前位置,2,0,15,SRAM,只读,-1,-1
58,当前速度,2,0,15,SRAM,只读,-1,-1
60,当前负载,2,0,10,SRAM,只读,-1,-1
62,当前电压,1,0,-1,SRAM,只读,-1,-1
63,当前温度,1,0,-1,SRAM,只读,-1,-1
64,异步写标志,1,0,-1,SRAM,只读,-1,-1
65,舵机状态,1,0,-1,SRAM,只读,-1,-1
66,移动标志,1,0,-1,SRAM,只读,-1,-1
67,生成目标,2,0,15,SRAM,只读,-1,-1
69,当前电流,2,0,15,SRAM,只读,-1,-1
NULL,NULL,NULL,NULL,NULL,NULL,NULL
[内存结束]

SC20XX
[内存]
3,20,39,1
0,固件主版本号,1, ,-1,EPROM,只读,-1,-1
1,固件次版本号,1, ,-1,EPROM,只读,-1,-1
3,舵机主版本号,1, ,-1,EPROM,只读,-1,-1
4,舵机次版本号,1, ,-1,EPROM,读写,-1,-1
5,ID,1,0,-1,EPROM,读写,0,253
6,波特率,1,4,-1,EPROM,读写,0,7
7,返回延时,1,250,-1,EPROM,读写,0,254
8,应答状态级别,1,1,-1,EPROM,读写,0,1
9,最小角度限制,2,0,15,EPROM,读写,-1,4095
11,最大角度限制,2,0,15,EPROM,读写,0,-1
13,最高温度上限,1,80,-1,EPROM,读写,0,100
14,最高输入电压,1,140,-1,EPROM,读写,0,254
15,最低输入电压,1,80,-1,EPROM,读写,0,254
16,最大扭矩,2,1000,-1,EPROM,读写,0,1000
18,相位,1,0,-1,EPROM,读写,0,254
19,卸载条件,1,37,-1,EPROM,读写,0,254
20,LED报警条件,1,37,-1,EPROM,读写,0,254
21,P 比例系数,1,32,-1,EPROM,读写,0,254
22,D 微分系数,1,0,-1,EPROM,读写,0,254
23,I 积分系数,1,0,-1,EPROM,读写,0,254
24,最小启动力,2,0,-1,EPROM,读写,0,1000
26,顺时针不灵敏区,1,2,-1,EPROM,读写,0,32
27,逆时针不灵敏区,1,2,-1,EPROM,读写,0,32
30,KFF1st 系数,1,0,-1,EPROM,读写,0,254
31,过流保护时间,1,100,-1,EPROM,读写,0,254
32,保护电流,2,0,-1,EPROM,读写,0,511
34,位置校正,1,0,7,EPROM,读写,-127,127
37,保护扭矩,1,40,-1,EPROM,读写,0,254
38,保护时间,1,80,-1,EPROM,读写,0,254
39,过载扭矩,1,80,-1,EPROM,读写,0,254
40,扭矩开关,1,0,-1,SRAM,读写,0,254
42,目标位置,2,0,-1,SRAM,读写,0,1023
44,运行时间,2,0,15,SRAM,读写,-32766,32766
46,运行速度,2,0,-1,SRAM,读写,0,32766
48,锁标志,1,1,-1,SRAM,读写,0,1
56,当前位置,2,0,15,SRAM,只读,-1,-1
58,当前速度,2,0,15,SRAM,只读,-1,-1
60,当前负载,2,0,10,SRAM,只读,-1,-1
62,当前电压,1,0,-1,SRAM,只读,-1,-1
63,当前温度,1,0,-1,SRAM,只读,-1,-1
64,异步写标志,1,0,-1,SRAM,只读,-1,-1
65,舵机状态,1,0,-1,SRAM,只读,-1,-1
66,移动标志,1,0,-1,SRAM,只读,-1,-1
67,生成目标,2,0,-1,SRAM,只读,-1,-1
69,当前电流,2,0,15,SRAM,只读,-1,-1
NULL,NULL,NULL,NULL,NULL,NULL,NULL
[内存结束]


----------------------------旧固件兼容------------------------
SMXXBL(旧固件)
[内存]
8,0,255,0
0,舵机主版本号,1, ,-1,EPROM,只读,-1,-1
1,舵机次版本号,1, ,-1,EPROM,只读,-1,-1
3,固件主版本号,1, ,-1,EPROM,只读,-1,-1
4,固件次版本号,1, ,-1,EPROM,只读,-1,-1
5,ID,1,0,-1,EPROM,读写,0,253
6,波特率,1,4,-1,EPROM,读写,0,7
7,返回延时,1,250,-1,EPROM,读写,0,254
8,应答状态级别,1,1,-1,EPROM,读写,0,1
9,最小角度限制,2,0,15,EPROM,读写,-1,4095
11,最大角度限制,2,0,15,EPROM,读写,0,-1
13,最高温度上限,1,80,-1,EPROM,读写,0,100
14,最高输入电压,1,140,-1,EPROM,读写,0,254
15,最低输入电压,1,80,-1,EPROM,读写,0,254
16,最大扭矩,2,1000,-1,EPROM,读写,0,1000
19,卸载条件,1,37,-1,EPROM,读写,0,254
20,LED报警条件,1,37,-1,EPROM,读写,0,254
21,P 比例系数,1,32,-1,EPROM,读写,0,254
22,D 微分系数,1,0,-1,EPROM,读写,0,254
23,I 积分系数,1,0,-1,EPROM,读写,0,254
24,最小启动力,2,0,-1,EPROM,读写,0,1000
26,顺时针不灵敏区,1,0,-1,EPROM,读写,0,32
27,逆时针不灵敏区,1,0,-1,EPROM,读写,0,32
28,积分限制,2,0,-1,EPROM,读写,0,1000
30,采样时间(ADT),1,0,-1,EPROM,读写,0,254
31,加速度(ACC),1,0,-1,EPROM,读写,0,254
32,最小步进,1,0,-1,EPROM,读写,0,254
33,位置校正,2,0,11,EPROM,读写,-2047,2047
35,运行模式,1,0,-1,EPROM,读写,0,2
36,保护电流,2,0,-1,EPROM,读写,0,0
40,扭矩开关,1,0,-1,SRAM,读写,0,1
42,目标位置,2,0,15,SRAM,读写,-32766,32766
44,运行时间,2,0,-1,SRAM,读写,0,32766
46,运行速度,2,0,15,SRAM,读写,-32766,32766
48,锁标志,1,1,-1,SRAM,读写,0,1
56,当前位置,2,0,15,SRAM,只读,-1,-1
58,当前速度,2,0,15,SRAM,只读,-1,-1
60,当前负载,2,0,10,SRAM,只读,-1,-1
62,当前电压,1,0,-1,SRAM,只读,-1,-1
63,当前温度,1,0,-1,SRAM,只读,-1,-1
64,异步写标志,1,0,-1,SRAM,只读,-1,-1
65,舵机状态,1,0,-1,SRAM,只读,-1,-1
66,移动标志,1,0,-1,SRAM,只读,-1,-1
67,生成目标,2,0,-1,SRAM,只读,-1,-1
69,当前电流,2,0,15,SRAM,只读,-1,-1
NULL,NULL,NULL,NULL,NULL,NULL,NULL
[内存结束]


SMXX(旧固件)
[内存]
6,0,255,0
0,舵机主版本号,1, ,-1,EPROM,只读,-1,-1
1,舵机次版本号,1, ,-1,EPROM,只读,-1,-1
3,固件主版本号,1, ,-1,EPROM,只读,-1,-1
4,固件次版本号,1, ,-1,EPROM,只读,-1,-1
5,ID,1,0,-1,EPROM,读写,0,253
6,波特率,1,4,-1,EPROM,读写,0,7
7,返回延时,1,250,-1,EPROM,读写,0,254
8,应答状态级别,1,1,-1,EPROM,读写,0,1
9,最小角度限制,2,0,15,EPROM,读写,-1,4095
11,最大角度限制,2,0,15,EPROM,读写,0,-1
13,最高温度上限,1,80,-1,EPROM,读写,0,100
14,最高输入电压,1,140,-1,EPROM,读写,0,254
15,最低输入电压,1,80,-1,EPROM,读写,0,254
16,最大扭矩,2,1000,-1,EPROM,读写,0,1000
19,卸载条件,1,37,-1,EPROM,读写,0,254
20,LED报警条件,1,37,-1,EPROM,读写,0,254
21,P 比例系数,1,32,-1,EPROM,读写,0,254
22,D 微分系数,1,0,-1,EPROM,读写,0,254
23,I 积分系数,1,0,-1,EPROM,读写,0,254
24,最小启动力,2,0,-1,EPROM,读写,0,1000
26,顺时针不灵敏区,1,0,-1,EPROM,读写,0,32
27,逆时针不灵敏区,1,0,-1,EPROM,读写,0,32
28,积分限制,2,0,-1,EPROM,读写,0,1000
30,采样时间(ADT),1,0,-1,EPROM,读写,0,254
31,加速度(ACC),1,0,-1,EPROM,读写,0,254
32,最小步进,1,0,-1,EPROM,读写,0,254
33,位置校正,2,0,11,EPROM,读写,-2047,2047
35,运行模式,1,0,-1,EPROM,读写,0,2
36,保护电流,2,0,-1,EPROM,读写,0,0
40,扭矩开关,1,0,-1,SRAM,读写,0,1
42,目标位置,2,0,15,SRAM,读写,-32766,32766
44,运行时间,2,0,-1,SRAM,读写,0,32766
46,运行速度,2,0,15,SRAM,读写,-32766,32766
48,锁标志,1,1,-1,SRAM,读写,0,1
56,当前位置,2,0,15,SRAM,只读,-1,-1
58,当前速度,2,0,15,SRAM,只读,-1,-1
60,当前负载,2,0,10,SRAM,只读,-1,-1
62,当前电压,1,0,-1,SRAM,只读,-1,-1
63,当前温度,1,0,-1,SRAM,只读,-1,-1
64,异步写标志,1,0,-1,SRAM,只读,-1,-1
65,舵机状态,1,0,-1,SRAM,只读,-1,-1
66,移动标志,1,0,-1,SRAM,只读,-1,-1
67,生成目标,2,0,-1,SRAM,只读,-1,-1
69,当前电流,2,0,15,SRAM,只读,-1,-1
NULL,NULL,NULL,NULL,NULL,NULL,NULL
[内存结束]


SCSXX(旧固件)
[内存]
2,0,255,1
0,舵机主版本号,1, ,-1,EPROM,只读,-1,-1
1,舵机次版本号,1, ,-1,EPROM,只读,-1,-1
3,固件主版本号,1, ,-1,EPROM,只读,-1,-1
4,固件次版本号,1, ,-1,EPROM,只读,-1,-1
5,ID,1,0,-1,EPROM,读写,0,253
6,波特率,1,4,-1,EPROM,读写,0,7
7,返回延时,1,250,-1,EPROM,读写,0,254
8,应答状态级别,1,1,-1,EPROM,读写,0,1
9,最小角度限制,2,0,15,EPROM,读写,-1,4095
11,最大角度限制,2,0,15,EPROM,读写,0,-1
13,最高温度上限,1,80,-1,EPROM,读写,0,100
14,最高输入电压,1,140,-1,EPROM,读写,0,254
15,最低输入电压,1,80,-1,EPROM,读写,0,254
16,最大扭矩,2,1000,-1,EPROM,读写,0,1000
19,卸载条件,1,37,-1,EPROM,读写,0,254
20,LED报警条件,1,37,-1,EPROM,读写,0,254
21,P 比例系数,1,32,-1,EPROM,读写,0,254
22,D 微分系数,1,0,-1,EPROM,读写,0,254
23,I 积分系数,1,0,-1,EPROM,读写,0,254
24,最小启动力,2,0,-1,EPROM,读写,0,1000
26,顺时针不灵敏区,1,0,-1,EPROM,读写,0,32
27,逆时针不灵敏区,1,0,-1,EPROM,读写,0,32
28,积分限制,2,0,-1,EPROM,读写,0,1000
38,保护时间,1,80,-1,EPROM,读写,0,254
39,过载扭矩,1,80,-1,EPROM,读写,0,254
30,采样时间(ADT),1,0,-1,EPROM,读写,0,254
31,加速度(ACC),1,0,-1,EPROM,读写,0,254
32,最小步进,1,0,-1,EPROM,读写,0,254
40,扭矩开关,1,0,-1,SRAM,读写,0,1
42,目标位置,2,0,-1,SRAM,读写,0,1023
44,运行时间,2,0,-1,SRAM,读写,0,32766
46,运行速度,2,0,-1,SRAM,读写,0,32766
48,锁标志,1,1,-1,SRAM,读写,0,1
56,当前位置,2,0,15,SRAM,只读,-1,-1
58,当前速度,2,0,15,SRAM,只读,-1,-1
60,当前负载,2,0,10,SRAM,只读,-1,-1
62,当前电压,1,0,-1,SRAM,只读,-1,-1
63,当前温度,1,0,-1,SRAM,只读,-1,-1
64,异步写标志,1,0,-1,SRAM,只读,-1,-1
65,舵机状态,1,0,-1,SRAM,只读,-1,-1
66,移动标志,1,0,-1,SRAM,只读,-1,-1
67,生成目标,2,0,-1,SRAM,只读,-1,-1
NULL,NULL,NULL,NULL,NULL,NULL,NULL
[内存结束]